<?xml version="1.0" encoding="UTF-8"?>
<testsuite xmlns:xsi="http://www.w3.org/2001/XMLSchema-instance" xsi:noNamespaceSchemaLocation="https://maven.apache.org/surefire/maven-surefire-plugin/xsd/surefire-test-report-3.0.xsd" version="3.0" name="FlashSaleConsoleAppTest" time="0.414" tests="8" errors="0" skipped="0" failures="0">
  <properties>
[...]
</properties>
  <testcase name="flashItemRepositoryPreventsOversellWithSafeLocks" classname="FlashSaleConsoleAppTest" time="0.055"/>
  <testcase name="flashSaleServiceValidatesOrderQuantityAndStock" classname="FlashSaleConsoleAppTest" time="0.026"/>
  <testcase name="productRepositorySupportsCrudAndSearchByCategoryPrice" classname="FlashSaleConsoleAppTest" time="0.012"/>
  <testcase name="flashSaleServiceEnforcesPurchaseLimitOfTwoPerCustomer" classname="FlashSaleConsoleAppTest" time="0.024"/>
  <testcase name="dataGeneratorCreatesRequiredCsvRows" classname="FlashSaleConsoleAppTest" time="0.122"/>
  <testcase name="flashSaleServiceBlocksBannedCustomer" classname="FlashSaleConsoleAppTest" time="0.016"/>
  <testcase name="simulatorControllerRunsThreeRepeatBenchmarkAverages" classname="FlashSaleConsoleAppTest" time="0.092"/>
  <testcase name="simulatorShowsRaceConditionAndSafeLockConsistency" classname="FlashSaleConsoleAppTest" time="0.039"/>
</testsuite>